c:\users\kordy\source\repos\datatypesandmemoryrepresentation\datatypesandmemoryrepresentation\debug\vc142.pdb
c:\users\kordy\source\repos\datatypesandmemoryrepresentation\datatypesandmemoryrepresentation\debug\vc142.idb
c:\users\kordy\source\repos\datatypesandmemoryrepresentation\datatypesandmemoryrepresentation\debug\printhelpers.obj
c:\users\kordy\source\repos\datatypesandmemoryrepresentation\datatypesandmemoryrepresentation\debug\memoryhelpers.obj
c:\users\kordy\source\repos\datatypesandmemoryrepresentation\datatypesandmemoryrepresentation\debug\datatypesandmemoryrepresentation.obj
c:\users\kordy\source\repos\datatypesandmemoryrepresentation\debug\datatypesandmemoryrepresentation.pdb
c:\users\kordy\source\repos\datatypesandmemoryrepresentation\datatypesandmemoryrepresentation\debug\datatype.0bb404b8.tlog\cl.command.1.tlog
c:\users\kordy\source\repos\datatypesandmemoryrepresentation\datatypesandmemoryrepresentation\debug\datatype.0bb404b8.tlog\cl.read.1.tlog
c:\users\kordy\source\repos\datatypesandmemoryrepresentation\datatypesandmemoryrepresentation\debug\datatype.0bb404b8.tlog\cl.write.1.tlog
c:\users\kordy\source\repos\datatypesandmemoryrepresentation\datatypesandmemoryrepresentation\debug\datatype.0bb404b8.tlog\link-cvtres.read.1.tlog
c:\users\kordy\source\repos\datatypesandmemoryrepresentation\datatypesandmemoryrepresentation\debug\datatype.0bb404b8.tlog\link-cvtres.write.1.tlog
c:\users\kordy\source\repos\datatypesandmemoryrepresentation\datatypesandmemoryrepresentation\debug\datatype.0bb404b8.tlog\link-rc.read.1.tlog
c:\users\kordy\source\repos\datatypesandmemoryrepresentation\datatypesandmemoryrepresentation\debug\datatype.0bb404b8.tlog\link-rc.write.1.tlog
c:\users\kordy\source\repos\datatypesandmemoryrepresentation\datatypesandmemoryrepresentation\debug\datatype.0bb404b8.tlog\link.21348-cvtres.read.1.tlog
c:\users\kordy\source\repos\datatypesandmemoryrepresentation\datatypesandmemoryrepresentation\debug\datatype.0bb404b8.tlog\link.21348-cvtres.write.1.tlog
c:\users\kordy\source\repos\datatypesandmemoryrepresentation\datatypesandmemoryrepresentation\debug\datatype.0bb404b8.tlog\link.21348-rc.read.1.tlog
c:\users\kordy\source\repos\datatypesandmemoryrepresentation\datatypesandmemoryrepresentation\debug\datatype.0bb404b8.tlog\link.21348-rc.write.1.tlog
c:\users\kordy\source\repos\datatypesandmemoryrepresentation\datatypesandmemoryrepresentation\debug\datatype.0bb404b8.tlog\link.21348.read.1.tlog
c:\users\kordy\source\repos\datatypesandmemoryrepresentation\datatypesandmemoryrepresentation\debug\datatype.0bb404b8.tlog\link.21348.write.1.tlog
c:\users\kordy\source\repos\datatypesandmemoryrepresentation\datatypesandmemoryrepresentation\debug\datatype.0bb404b8.tlog\link.command.1.tlog
c:\users\kordy\source\repos\datatypesandmemoryrepresentation\datatypesandmemoryrepresentation\debug\datatype.0bb404b8.tlog\link.read.1.tlog
c:\users\kordy\source\repos\datatypesandmemoryrepresentation\datatypesandmemoryrepresentation\debug\datatype.0bb404b8.tlog\link.write.1.tlog
